\BOOKMARK [0][-]{chapter*.4}{Ringraziamenti}{}% 1
\BOOKMARK [0][-]{chapter*.5}{Introduzione}{}% 2
\BOOKMARK [0][-]{chapter.1}{BIM e Web}{}% 3
\BOOKMARK [1][-]{section.1.1}{Building Information Modeling}{chapter.1}% 4
\BOOKMARK [2][-]{subsection.1.1.1}{Applicazioni Desktop}{section.1.1}% 5
\BOOKMARK [1][-]{section.1.2}{Applicazioni BIM nel Web}{chapter.1}% 6
\BOOKMARK [0][-]{chapter.2}{Metior}{}% 7
\BOOKMARK [1][-]{section.2.1}{Architettura}{chapter.2}% 8
\BOOKMARK [1][-]{section.2.2}{Stato}{chapter.2}% 9
\BOOKMARK [1][-]{section.2.3}{Stack Tecnologico}{chapter.2}% 10
\BOOKMARK [2][-]{subsection.2.3.1}{React}{section.2.3}% 11
\BOOKMARK [2][-]{subsection.2.3.2}{Threejs}{section.2.3}% 12
\BOOKMARK [1][-]{section.2.4}{User Interface}{chapter.2}% 13
\BOOKMARK [2][-]{subsection.2.4.1}{Viewer 2D}{section.2.4}% 14
\BOOKMARK [2][-]{subsection.2.4.2}{Viewer 3D}{section.2.4}% 15
\BOOKMARK [1][-]{section.2.5}{User Experience}{chapter.2}% 16
\BOOKMARK [0][-]{chapter.3}{Metior Plugins}{}% 17
\BOOKMARK [1][-]{section.3.1}{Definizione}{chapter.3}% 18
\BOOKMARK [1][-]{section.3.2}{Tassonomia}{chapter.3}% 19
\BOOKMARK [1][-]{section.3.3}{Propriet\340 Specifiche}{chapter.3}% 20
\BOOKMARK [1][-]{section.3.4}{Plugin Catalog}{chapter.3}% 21
\BOOKMARK [1][-]{section.3.5}{Server-side models generation}{chapter.3}% 22
\BOOKMARK [1][-]{section.3.6}{Server Framework API}{chapter.3}% 23
\BOOKMARK [0][-]{chapter.4}{Casi d'uso}{}% 24
\BOOKMARK [1][-]{section.4.1}{BAM}{chapter.4}% 25
\BOOKMARK [1][-]{section.4.2}{Deconstuction}{chapter.4}% 26
\BOOKMARK [1][-]{section.4.3}{CED}{chapter.4}% 27
\BOOKMARK [0][-]{chapter.5}{Conclusioni e sviluppi futuri}{}% 28
\BOOKMARK [1][-]{section.5.1}{Conclusioni}{chapter.5}% 29
\BOOKMARK [1][-]{section.5.2}{Sviluppi futuri}{chapter.5}% 30
\BOOKMARK [0][-]{section.5.2}{Bibliografia}{}% 31
