This is pdfTeX, Version 3.1415926-2.5-1.40.14 (TeX Live 2013/Debian) (format=pdflatex 2017.2.13)  15 FEB 2017 17:26
entering extended mode
 restricted \write18 enabled.
 %&-line parsing enabled.
**thesis
(./thesis.tex
LaTeX2e <2011/06/27>
Babel <3.9h> and hyphenation patterns for 78 languages loaded.
(/usr/share/texlive/texmf-dist/tex/latex/base/book.cls
Document Class: book 2007/10/19 v1.4h Standard LaTeX document class
(/usr/share/texlive/texmf-dist/tex/latex/base/bk11.clo
File: bk11.clo 2007/10/19 v1.4h Standard LaTeX file (size option)
)
\c@part=\count79
\c@chapter=\count80
\c@section=\count81
\c@subsection=\count82
\c@subsubsection=\count83
\c@paragraph=\count84
\c@subparagraph=\count85
\c@figure=\count86
\c@table=\count87
\abovecaptionskip=\skip41
\belowcaptionskip=\skip42
\bibindent=\dimen102
)
(/usr/share/texlive/texmf-dist/tex/generic/babel/babel.sty
Package: babel 2013/12/03 3.9h The Babel package

(/usr/share/texlive/texmf-dist/tex/generic/babel-italian/italian.ldf
Language: italian 2013/11/22 v1.3f Italian support from the babel system

(/usr/share/texlive/texmf-dist/tex/generic/babel/babel.def
File: babel.def 2013/12/03 3.9h Babel common definitions
\babel@savecnt=\count88
\U@D=\dimen103
)
\it@lettering=\count89
Package babel Info: Making " an active character on input line 98.
\Virgola=\count90
))
(/usr/share/texlive/texmf-dist/tex/latex/etoolbox/etoolbox.sty
Package: etoolbox 2011/01/03 v2.1 e-TeX tools for LaTeX

(/usr/share/texlive/texmf-dist/tex/latex/etex-pkg/etex.sty
Package: etex 1998/03/26 v2.0 eTeX basic definition package (PEB)
\et@xins=\count91
)
\etb@tempcnta=\count92
)
(/usr/share/texlive/texmf-dist/tex/latex/base/inputenc.sty
Package: inputenc 2008/03/30 v1.1d Input encoding file
\inpenc@prehook=\toks14
\inpenc@posthook=\toks15

(/usr/share/texlive/texmf-dist/tex/latex/base/utf8.def
File: utf8.def 2008/04/05 v1.1m UTF-8 support for inputenc
Now handling font encoding OML ...
... no UTF-8 mapping file for font encoding OML
Now handling font encoding T1 ...
... processing UTF-8 mapping file for font encoding T1

(/usr/share/texlive/texmf-dist/tex/latex/base/t1enc.dfu
File: t1enc.dfu 2008/04/05 v1.1m UTF-8 support for inputenc
   defining Unicode char U+00A1 (decimal 161)
   defining Unicode char U+00A3 (decimal 163)
   defining Unicode char U+00AB (decimal 171)
   defining Unicode char U+00BB (decimal 187)
   defining Unicode char U+00BF (decimal 191)
   defining Unicode char U+00C0 (decimal 192)
   defining Unicode char U+00C1 (decimal 193)
   defining Unicode char U+00C2 (decimal 194)
   defining Unicode char U+00C3 (decimal 195)
   defining Unicode char U+00C4 (decimal 196)
   defining Unicode char U+00C5 (decimal 197)
   defining Unicode char U+00C6 (decimal 198)
   defining Unicode char U+00C7 (decimal 199)
   defining Unicode char U+00C8 (decimal 200)
   defining Unicode char U+00C9 (decimal 201)
   defining Unicode char U+00CA (decimal 202)
   defining Unicode char U+00CB (decimal 203)
   defining Unicode char U+00CC (decimal 204)
   defining Unicode char U+00CD (decimal 205)
   defining Unicode char U+00CE (decimal 206)
   defining Unicode char U+00CF (decimal 207)
   defining Unicode char U+00D0 (decimal 208)
   defining Unicode char U+00D1 (decimal 209)
   defining Unicode char U+00D2 (decimal 210)
   defining Unicode char U+00D3 (decimal 211)
   defining Unicode char U+00D4 (decimal 212)
   defining Unicode char U+00D5 (decimal 213)
   defining Unicode char U+00D6 (decimal 214)
   defining Unicode char U+00D8 (decimal 216)
   defining Unicode char U+00D9 (decimal 217)
   defining Unicode char U+00DA (decimal 218)
   defining Unicode char U+00DB (decimal 219)
   defining Unicode char U+00DC (decimal 220)
   defining Unicode char U+00DD (decimal 221)
   defining Unicode char U+00DE (decimal 222)
   defining Unicode char U+00DF (decimal 223)
   defining Unicode char U+00E0 (decimal 224)
   defining Unicode char U+00E1 (decimal 225)
   defining Unicode char U+00E2 (decimal 226)
   defining Unicode char U+00E3 (decimal 227)
   defining Unicode char U+00E4 (decimal 228)
   defining Unicode char U+00E5 (decimal 229)
   defining Unicode char U+00E6 (decimal 230)
   defining Unicode char U+00E7 (decimal 231)
   defining Unicode char U+00E8 (decimal 232)
   defining Unicode char U+00E9 (decimal 233)
   defining Unicode char U+00EA (decimal 234)
   defining Unicode char U+00EB (decimal 235)
   defining Unicode char U+00EC (decimal 236)
   defining Unicode char U+00ED (decimal 237)
   defining Unicode char U+00EE (decimal 238)
   defining Unicode char U+00EF (decimal 239)
   defining Unicode char U+00F0 (decimal 240)
   defining Unicode char U+00F1 (decimal 241)
   defining Unicode char U+00F2 (decimal 242)
   defining Unicode char U+00F3 (decimal 243)
   defining Unicode char U+00F4 (decimal 244)
   defining Unicode char U+00F5 (decimal 245)
   defining Unicode char U+00F6 (decimal 246)
   defining Unicode char U+00F8 (decimal 248)
   defining Unicode char U+00F9 (decimal 249)
   defining Unicode char U+00FA (decimal 250)
   defining Unicode char U+00FB (decimal 251)
   defining Unicode char U+00FC (decimal 252)
   defining Unicode char U+00FD (decimal 253)
   defining Unicode char U+00FE (decimal 254)
   defining Unicode char U+00FF (decimal 255)
   defining Unicode char U+0102 (decimal 258)
   defining Unicode char U+0103 (decimal 259)
   defining Unicode char U+0104 (decimal 260)
   defining Unicode char U+0105 (decimal 261)
   defining Unicode char U+0106 (decimal 262)
   defining Unicode char U+0107 (decimal 263)
   defining Unicode char U+010C (decimal 268)
   defining Unicode char U+010D (decimal 269)
   defining Unicode char U+010E (decimal 270)
   defining Unicode char U+010F (decimal 271)
   defining Unicode char U+0110 (decimal 272)
   defining Unicode char U+0111 (decimal 273)
   defining Unicode char U+0118 (decimal 280)
   defining Unicode char U+0119 (decimal 281)
   defining Unicode char U+011A (decimal 282)
   defining Unicode char U+011B (decimal 283)
   defining Unicode char U+011E (decimal 286)
   defining Unicode char U+011F (decimal 287)
   defining Unicode char U+0130 (decimal 304)
   defining Unicode char U+0131 (decimal 305)
   defining Unicode char U+0132 (decimal 306)
   defining Unicode char U+0133 (decimal 307)
   defining Unicode char U+0139 (decimal 313)
   defining Unicode char U+013A (decimal 314)
   defining Unicode char U+013D (decimal 317)
   defining Unicode char U+013E (decimal 318)
   defining Unicode char U+0141 (decimal 321)
   defining Unicode char U+0142 (decimal 322)
   defining Unicode char U+0143 (decimal 323)
   defining Unicode char U+0144 (decimal 324)
   defining Unicode char U+0147 (decimal 327)
   defining Unicode char U+0148 (decimal 328)
   defining Unicode char U+014A (decimal 330)
   defining Unicode char U+014B (decimal 331)
   defining Unicode char U+0150 (decimal 336)
   defining Unicode char U+0151 (decimal 337)
   defining Unicode char U+0152 (decimal 338)
   defining Unicode char U+0153 (decimal 339)
   defining Unicode char U+0154 (decimal 340)
   defining Unicode char U+0155 (decimal 341)
   defining Unicode char U+0158 (decimal 344)
   defining Unicode char U+0159 (decimal 345)
   defining Unicode char U+015A (decimal 346)
   defining Unicode char U+015B (decimal 347)
   defining Unicode char U+015E (decimal 350)
   defining Unicode char U+015F (decimal 351)
   defining Unicode char U+0160 (decimal 352)
   defining Unicode char U+0161 (decimal 353)
   defining Unicode char U+0162 (decimal 354)
   defining Unicode char U+0163 (decimal 355)
   defining Unicode char U+0164 (decimal 356)
   defining Unicode char U+0165 (decimal 357)
   defining Unicode char U+016E (decimal 366)
   defining Unicode char U+016F (decimal 367)
   defining Unicode char U+0170 (decimal 368)
   defining Unicode char U+0171 (decimal 369)
   defining Unicode char U+0178 (decimal 376)
   defining Unicode char U+0179 (decimal 377)
   defining Unicode char U+017A (decimal 378)
   defining Unicode char U+017B (decimal 379)
   defining Unicode char U+017C (decimal 380)
   defining Unicode char U+017D (decimal 381)
   defining Unicode char U+017E (decimal 382)
   defining Unicode char U+200C (decimal 8204)
   defining Unicode char U+2013 (decimal 8211)
   defining Unicode char U+2014 (decimal 8212)
   defining Unicode char U+2018 (decimal 8216)
   defining Unicode char U+2019 (decimal 8217)
   defining Unicode char U+201A (decimal 8218)
   defining Unicode char U+201C (decimal 8220)
   defining Unicode char U+201D (decimal 8221)
   defining Unicode char U+201E (decimal 8222)
   defining Unicode char U+2030 (decimal 8240)
   defining Unicode char U+2031 (decimal 8241)
   defining Unicode char U+2039 (decimal 8249)
   defining Unicode char U+203A (decimal 8250)
   defining Unicode char U+2423 (decimal 9251)
)
Now handling font encoding OT1 ...
... processing UTF-8 mapping file for font encoding OT1

(/usr/share/texlive/texmf-dist/tex/latex/base/ot1enc.dfu
File: ot1enc.dfu 2008/04/05 v1.1m UTF-8 support for inputenc
   defining Unicode char U+00A1 (decimal 161)
   defining Unicode char U+00A3 (decimal 163)
   defining Unicode char U+00B8 (decimal 184)
   defining Unicode char U+00BF (decimal 191)
   defining Unicode char U+00C5 (decimal 197)
   defining Unicode char U+00C6 (decimal 198)
   defining Unicode char U+00D8 (decimal 216)
   defining Unicode char U+00DF (decimal 223)
   defining Unicode char U+00E6 (decimal 230)
   defining Unicode char U+00EC (decimal 236)
   defining Unicode char U+00ED (decimal 237)
   defining Unicode char U+00EE (decimal 238)
   defining Unicode char U+00EF (decimal 239)
   defining Unicode char U+00F8 (decimal 248)
   defining Unicode char U+0131 (decimal 305)
   defining Unicode char U+0141 (decimal 321)
   defining Unicode char U+0142 (decimal 322)
   defining Unicode char U+0152 (decimal 338)
   defining Unicode char U+0153 (decimal 339)
   defining Unicode char U+2013 (decimal 8211)
   defining Unicode char U+2014 (decimal 8212)
   defining Unicode char U+2018 (decimal 8216)
   defining Unicode char U+2019 (decimal 8217)
   defining Unicode char U+201C (decimal 8220)
   defining Unicode char U+201D (decimal 8221)
)
Now handling font encoding OMS ...
... processing UTF-8 mapping file for font encoding OMS

(/usr/share/texlive/texmf-dist/tex/latex/base/omsenc.dfu
File: omsenc.dfu 2008/04/05 v1.1m UTF-8 support for inputenc
   defining Unicode char U+00A7 (decimal 167)
   defining Unicode char U+00B6 (decimal 182)
   defining Unicode char U+00B7 (decimal 183)
   defining Unicode char U+2020 (decimal 8224)
   defining Unicode char U+2021 (decimal 8225)
   defining Unicode char U+2022 (decimal 8226)
)
Now handling font encoding OMX ...
... no UTF-8 mapping file for font encoding OMX
Now handling font encoding U ...
... no UTF-8 mapping file for font encoding U
   defining Unicode char U+00A9 (decimal 169)
   defining Unicode char U+00AA (decimal 170)
   defining Unicode char U+00AE (decimal 174)
   defining Unicode char U+00BA (decimal 186)
   defining Unicode char U+02C6 (decimal 710)
   defining Unicode char U+02DC (decimal 732)
   defining Unicode char U+200C (decimal 8204)
   defining Unicode char U+2026 (decimal 8230)
   defining Unicode char U+2122 (decimal 8482)
   defining Unicode char U+2423 (decimal 9251)
))
(/usr/share/texlive/texmf-dist/tex/latex/tools/indentfirst.sty
Package: indentfirst 1995/11/23 v1.03 Indent first paragraph (DPC)
)
(/usr/share/texlive/texmf-dist/tex/latex/graphics/graphicx.sty
Package: graphicx 1999/02/16 v1.0f Enhanced LaTeX Graphics (DPC,SPQR)

(/usr/share/texlive/texmf-dist/tex/latex/graphics/keyval.sty
Package: keyval 1999/03/16 v1.13 key=value parser (DPC)
\KV@toks@=\toks16
)
(/usr/share/texlive/texmf-dist/tex/latex/graphics/graphics.sty
Package: graphics 2009/02/05 v1.0o Standard LaTeX Graphics (DPC,SPQR)

(/usr/share/texlive/texmf-dist/tex/latex/graphics/trig.sty
Package: trig 1999/03/16 v1.09 sin cos tan (DPC)
)
(/usr/share/texlive/texmf-dist/tex/latex/latexconfig/graphics.cfg
File: graphics.cfg 2010/04/23 v1.9 graphics configuration of TeX Live
)
Package graphics Info: Driver file: dvips.def on input line 91.

(/usr/share/texlive/texmf-dist/tex/latex/graphics/dvips.def
File: dvips.def 1999/02/16 v3.0i Driver-dependant file (DPC,SPQR)
))
\Gin@req@height=\dimen104
\Gin@req@width=\dimen105
)
(/usr/share/texlive/texmf-dist/tex/latex/amsfonts/amssymb.sty
Package: amssymb 2013/01/14 v3.01 AMS font symbols

(/usr/share/texlive/texmf-dist/tex/latex/amsfonts/amsfonts.sty
Package: amsfonts 2013/01/14 v3.01 Basic AMSFonts support
\@emptytoks=\toks17
\symAMSa=\mathgroup4
\symAMSb=\mathgroup5
LaTeX Font Info:    Overwriting math alphabet `\mathfrak' in version `bold'
(Font)                  U/euf/m/n --> U/euf/b/n on input line 106.
))
(/usr/share/texlive/texmf-dist/tex/latex/amsmath/amsmath.sty
Package: amsmath 2013/01/14 v2.14 AMS math features
\@mathmargin=\skip43

For additional information on amsmath, use the `?' option.
(/usr/share/texlive/texmf-dist/tex/latex/amsmath/amstext.sty
Package: amstext 2000/06/29 v2.01

(/usr/share/texlive/texmf-dist/tex/latex/amsmath/amsgen.sty
File: amsgen.sty 1999/11/30 v2.0
\@emptytoks=\toks18
\ex@=\dimen106
))
(/usr/share/texlive/texmf-dist/tex/latex/amsmath/amsbsy.sty
Package: amsbsy 1999/11/29 v1.2d
\pmbraise@=\dimen107
)
(/usr/share/texlive/texmf-dist/tex/latex/amsmath/amsopn.sty
Package: amsopn 1999/12/14 v2.01 operator names
)
\inf@bad=\count93
LaTeX Info: Redefining \frac on input line 210.
\uproot@=\count94
\leftroot@=\count95
LaTeX Info: Redefining \overline on input line 306.
\classnum@=\count96
\DOTSCASE@=\count97
LaTeX Info: Redefining \ldots on input line 378.
LaTeX Info: Redefining \dots on input line 381.
LaTeX Info: Redefining \cdots on input line 466.
\Mathstrutbox@=\box26
\strutbox@=\box27
\big@size=\dimen108
LaTeX Font Info:    Redeclaring font encoding OML on input line 566.
LaTeX Font Info:    Redeclaring font encoding OMS on input line 567.
\macc@depth=\count98
\c@MaxMatrixCols=\count99
\dotsspace@=\muskip10
\c@parentequation=\count100
\dspbrk@lvl=\count101
\tag@help=\toks19
\row@=\count102
\column@=\count103
\maxfields@=\count104
\andhelp@=\toks20
\eqnshift@=\dimen109
\alignsep@=\dimen110
\tagshift@=\dimen111
\tagwidth@=\dimen112
\totwidth@=\dimen113
\lineht@=\dimen114
\@envbody=\toks21
\multlinegap=\skip44
\multlinetaggap=\skip45
\mathdisplay@stack=\toks22
LaTeX Info: Redefining \[ on input line 2665.
LaTeX Info: Redefining \] on input line 2666.
)
(/usr/share/texlive/texmf-dist/tex/latex/base/latexsym.sty
Package: latexsym 1998/08/17 v2.2e Standard LaTeX package (lasy symbols)
\symlasy=\mathgroup6
LaTeX Font Info:    Overwriting symbol font `lasy' in version `bold'
(Font)                  U/lasy/m/n --> U/lasy/b/n on input line 47.
)
(/usr/share/texlive/texmf-dist/tex/latex/amscls/amsthm.sty
Package: amsthm 2004/08/06 v2.20
\thm@style=\toks23
\thm@bodyfont=\toks24
\thm@headfont=\toks25
\thm@notefont=\toks26
\thm@headpunct=\toks27
\thm@preskip=\skip46
\thm@postskip=\skip47
\thm@headsep=\skip48
\dth@everypar=\toks28
) (./lettrine.sty
File: lettrine.sty 1999/08/18 v1.1 (D. Flipo)
\c@DefaultLines=\count105
\DefaultFindent=\skip49
\DefaultNindent=\skip50
\DefaultSlope=\skip51
\L@lbox=\box28
\L@tbox=\box29
\c@L@lines=\count106
\L@Pindent=\skip52
\L@Findent=\skip53
\L@Nindent=\skip54
\L@lraise=\skip55
\L@first=\skip56
\L@next=\skip57
\L@slope=\skip58
\L@height=\skip59

(/usr/share/texlive/texmf-dist/tex/latex/lettrine/lettrine.cfg))
(/usr/share/texlive/texmf-dist/tex/latex/graphics/epsfig.sty
Package: epsfig 1999/02/16 v1.7a (e)psfig emulation (SPQR)
\epsfxsize=\dimen115
\epsfysize=\dimen116
)
(/usr/share/texlive/texmf-dist/tex/latex/hyperref/hyperref.sty
Package: hyperref 2012/11/06 v6.83m Hypertext links for LaTeX

(/usr/share/texlive/texmf-dist/tex/generic/oberdiek/hobsub-hyperref.sty
Package: hobsub-hyperref 2012/05/28 v1.13 Bundle oberdiek, subset hyperref (HO)


(/usr/share/texlive/texmf-dist/tex/generic/oberdiek/hobsub-generic.sty
Package: hobsub-generic 2012/05/28 v1.13 Bundle oberdiek, subset generic (HO)
Package: hobsub 2012/05/28 v1.13 Construct package bundles (HO)
Package: infwarerr 2010/04/08 v1.3 Providing info/warning/error messages (HO)
Package: ltxcmds 2011/11/09 v1.22 LaTeX kernel commands for general use (HO)
Package: ifluatex 2010/03/01 v1.3 Provides the ifluatex switch (HO)
Package ifluatex Info: LuaTeX not detected.
Package: ifvtex 2010/03/01 v1.5 Detect VTeX and its facilities (HO)
Package ifvtex Info: VTeX not detected.
Package: intcalc 2007/09/27 v1.1 Expandable calculations with integers (HO)
Package: ifpdf 2011/01/30 v2.3 Provides the ifpdf switch (HO)
Package ifpdf Info: pdfTeX in PDF mode is detected.
Package: etexcmds 2011/02/16 v1.5 Avoid name clashes with e-TeX commands (HO)
Package etexcmds Info: Could not find \expanded.
(etexcmds)             That can mean that you are not using pdfTeX 1.50 or
(etexcmds)             that some package has redefined \expanded.
(etexcmds)             In the latter case, load this package earlier.
Package: kvsetkeys 2012/04/25 v1.16 Key value parser (HO)
Package: kvdefinekeys 2011/04/07 v1.3 Define keys (HO)
Package: pdftexcmds 2011/11/29 v0.20 Utility functions of pdfTeX for LuaTeX (HO
)
Package pdftexcmds Info: LuaTeX not detected.
Package pdftexcmds Info: \pdf@primitive is available.
Package pdftexcmds Info: \pdf@ifprimitive is available.
Package pdftexcmds Info: \pdfdraftmode found.
Package: pdfescape 2011/11/25 v1.13 Implements pdfTeX's escape features (HO)
Package: bigintcalc 2012/04/08 v1.3 Expandable calculations on big integers (HO
)
Package: bitset 2011/01/30 v1.1 Handle bit-vector datatype (HO)
Package: uniquecounter 2011/01/30 v1.2 Provide unlimited unique counter (HO)
)
Package hobsub Info: Skipping package `hobsub' (already loaded).
Package: letltxmacro 2010/09/02 v1.4 Let assignment for LaTeX macros (HO)
Package: hopatch 2012/05/28 v1.2 Wrapper for package hooks (HO)
Package: xcolor-patch 2011/01/30 xcolor patch
Package: atveryend 2011/06/30 v1.8 Hooks at the very end of document (HO)
Package: atbegshi 2011/10/05 v1.16 At begin shipout hook (HO)
Package: refcount 2011/10/16 v3.4 Data extraction from label references (HO)
Package: hycolor 2011/01/30 v1.7 Color options for hyperref/bookmark (HO)
)
(/usr/share/texlive/texmf-dist/tex/generic/ifxetex/ifxetex.sty
Package: ifxetex 2010/09/12 v0.6 Provides ifxetex conditional
)
(/usr/share/texlive/texmf-dist/tex/latex/oberdiek/auxhook.sty
Package: auxhook 2011/03/04 v1.3 Hooks for auxiliary files (HO)
)
(/usr/share/texlive/texmf-dist/tex/latex/oberdiek/kvoptions.sty
Package: kvoptions 2011/06/30 v3.11 Key value format for package options (HO)
)
\@linkdim=\dimen117
\Hy@linkcounter=\count107
\Hy@pagecounter=\count108

(/usr/share/texlive/texmf-dist/tex/latex/hyperref/pd1enc.def
File: pd1enc.def 2012/11/06 v6.83m Hyperref: PDFDocEncoding definition (HO)
Now handling font encoding PD1 ...
... no UTF-8 mapping file for font encoding PD1
)
\Hy@SavedSpaceFactor=\count109

(/usr/share/texlive/texmf-dist/tex/latex/latexconfig/hyperref.cfg
File: hyperref.cfg 2002/06/06 v1.2 hyperref configuration of TeXLive
)
Package hyperref Info: Hyper figures OFF on input line 4443.
Package hyperref Info: Link nesting OFF on input line 4448.
Package hyperref Info: Hyper index ON on input line 4451.
Package hyperref Info: Plain pages OFF on input line 4458.
Package hyperref Info: Backreferencing OFF on input line 4463.
Package hyperref Info: Implicit mode ON; LaTeX internals redefined.
Package hyperref Info: Bookmarks ON on input line 4688.
\c@Hy@tempcnt=\count110

(/usr/share/texlive/texmf-dist/tex/latex/url/url.sty
\Urlmuskip=\muskip11
Package: url 2013/09/16  ver 3.4  Verb mode for urls, etc.
)
LaTeX Info: Redefining \url on input line 5041.
\XeTeXLinkMargin=\dimen118
\Fld@menulength=\count111
\Field@Width=\dimen119
\Fld@charsize=\dimen120
Package hyperref Info: Hyper figures OFF on input line 6295.
Package hyperref Info: Link nesting OFF on input line 6300.
Package hyperref Info: Hyper index ON on input line 6303.
Package hyperref Info: backreferencing OFF on input line 6310.
Package hyperref Info: Link coloring OFF on input line 6315.
Package hyperref Info: Link coloring with OCG OFF on input line 6320.
Package hyperref Info: PDF/A mode OFF on input line 6325.
LaTeX Info: Redefining \ref on input line 6365.
LaTeX Info: Redefining \pageref on input line 6369.
\Hy@abspage=\count112
\c@Item=\count113
\c@Hfootnote=\count114
)

Package hyperref Message: Driver (autodetected): hpdftex.

(/usr/share/texlive/texmf-dist/tex/latex/hyperref/hpdftex.def
File: hpdftex.def 2012/11/06 v6.83m Hyperref driver for pdfTeX
\Fld@listcount=\count115
\c@bookmark@seq@number=\count116

(/usr/share/texlive/texmf-dist/tex/latex/oberdiek/rerunfilecheck.sty
Package: rerunfilecheck 2011/04/15 v1.7 Rerun checks for auxiliary files (HO)
Package uniquecounter Info: New unique counter `rerunfilecheck' on input line 2
82.
)
\Hy@SectionHShift=\skip60
)
(/usr/share/texlive/texmf-dist/tex/latex/graphics/color.sty
Package: color 2005/11/14 v1.0j Standard LaTeX Color (DPC)

(/usr/share/texlive/texmf-dist/tex/latex/latexconfig/color.cfg
File: color.cfg 2007/01/18 v1.5 color configuration of teTeX/TeXLive
)
Package color Info: Driver file: pdftex.def on input line 130.

(/usr/share/texlive/texmf-dist/tex/latex/pdftex-def/pdftex.def
File: pdftex.def 2011/05/27 v0.06d Graphics/color for pdfTeX
\Gread@gobject=\count117
))
(/usr/share/texlive/texmf-dist/tex/latex/psnfss/courier.sty
Package: courier 2005/04/12 PSNFSS-v9.2a (WaS) 
)
(/usr/share/texlive/texmf-dist/tex/latex/caption/caption.sty
Package: caption 2013/05/02 v3.3-89 Customizing captions (AR)

(/usr/share/texlive/texmf-dist/tex/latex/caption/caption3.sty
Package: caption3 2013/05/02 v1.6-88 caption3 kernel (AR)
Package caption3 Info: TeX engine: e-TeX on input line 57.
\captionmargin=\dimen121
\captionmargin@=\dimen122
\captionwidth=\dimen123
\caption@tempdima=\dimen124
\caption@indent=\dimen125
\caption@parindent=\dimen126
\caption@hangindent=\dimen127
)
\c@ContinuedFloat=\count118
Package caption Info: hyperref package is loaded.
)
(/usr/share/texlive/texmf-dist/tex/latex/mdwtools/mdwlist.sty
Package: mdwlist 1996/05/02 1.1 Various list-related things
)
(/usr/share/texlive/texmf-dist/tex/latex/listings/listings.sty
\lst@mode=\count119
\lst@gtempboxa=\box30
\lst@token=\toks29
\lst@length=\count120
\lst@currlwidth=\dimen128
\lst@column=\count121
\lst@pos=\count122
\lst@lostspace=\dimen129
\lst@width=\dimen130
\lst@newlines=\count123
\lst@lineno=\count124
\lst@maxwidth=\dimen131

(/usr/share/texlive/texmf-dist/tex/latex/listings/lstmisc.sty
File: lstmisc.sty 2013/08/26 1.5b (Carsten Heinz)
\c@lstnumber=\count125
\lst@skipnumbers=\count126
\lst@framebox=\box31
)
(/usr/share/texlive/texmf-dist/tex/latex/listings/listings.cfg
File: listings.cfg 2013/08/26 1.5b listings configuration
))
Package: listings 2013/08/26 1.5b (Carsten Heinz)

(/usr/share/texlive/texmf-dist/tex/latex/base/fontenc.sty
Package: fontenc 2005/09/27 v1.99g Standard LaTeX package

(/usr/share/texlive/texmf-dist/tex/latex/base/t1enc.def
File: t1enc.def 2005/09/27 v1.99g Standard LaTeX file
LaTeX Font Info:    Redeclaring font encoding T1 on input line 43.
))
(/usr/share/texlive/texmf-dist/tex/latex/booktabs/booktabs.sty
Package: booktabs 2005/04/14 v1.61803 publication quality tables
\heavyrulewidth=\dimen132
\lightrulewidth=\dimen133
\cmidrulewidth=\dimen134
\belowrulesep=\dimen135
\belowbottomsep=\dimen136
\aboverulesep=\dimen137
\abovetopsep=\dimen138
\cmidrulesep=\dimen139
\cmidrulekern=\dimen140
\defaultaddspace=\dimen141
\@cmidla=\count127
\@cmidlb=\count128
\@aboverulesep=\dimen142
\@belowrulesep=\dimen143
\@thisruleclass=\count129
\@lastruleclass=\count130
\@thisrulewidth=\dimen144
)
(/usr/share/texlive/texmf-dist/tex/latex/tools/longtable.sty
Package: longtable 2004/02/01 v4.11 Multi-page Table package (DPC)
\LTleft=\skip61
\LTright=\skip62
\LTpre=\skip63
\LTpost=\skip64
\LTchunksize=\count131
\LTcapwidth=\dimen145
\LT@head=\box32
\LT@firsthead=\box33
\LT@foot=\box34
\LT@lastfoot=\box35
\LT@cols=\count132
\LT@rows=\count133
\c@LT@tables=\count134
\c@LT@chunks=\count135
\LT@p@ftn=\toks30
)
(/usr/share/texlive/texmf-dist/tex/latex/oberdiek/pdflscape.sty
Package: pdflscape 2008/08/11 v0.10 Display of landscape pages in PDF (HO)

(/usr/share/texlive/texmf-dist/tex/latex/graphics/lscape.sty
Package: lscape 2000/10/22 v3.01 Landscape Pages (DPC)
)
Package pdflscape Info: Auto-detected driver: pdftex on input line 80.
)
(/usr/share/texlive/texmf-dist/tex/latex/rotating/rotating.sty
Package: rotating 2009/03/28 v2.16a rotated objects in LaTeX

(/usr/share/texlive/texmf-dist/tex/latex/base/ifthen.sty
Package: ifthen 2001/05/26 v1.1c Standard LaTeX ifthen package (DPC)
)
\c@r@tfl@t=\count136
\rotFPtop=\skip65
\rotFPbot=\skip66
\rot@float@box=\box36
\rot@mess@toks=\toks31
)
(/usr/share/texlive/texmf-dist/tex/latex/csquotes/csquotes.sty
Package: csquotes 2011/10/22 v5.1d context-sensitive quotations
\csq@reset=\count137
\csq@gtype=\count138
\csq@glevel=\count139
\csq@qlevel=\count140
\csq@maxlvl=\count141
\csq@tshold=\count142
\csq@ltx@everypar=\toks32

(/usr/share/texlive/texmf-dist/tex/latex/csquotes/csquotes.def
File: csquotes.def 2011/10/22 v5.1d csquotes generic definitions
)
Package csquotes Info: Trying to load configuration file 'csquotes.cfg'...
Package csquotes Info: ... configuration file loaded successfully.

(/usr/share/texlive/texmf-dist/tex/latex/csquotes/csquotes.cfg
File: csquotes.cfg 
)
Package csquotes Info: Option 'babel' depreciated.
(csquotes)             Using 'autostyle'.
Package csquotes Info: Enabling multilingual quotes.
)
(/usr/share/texlive/texmf-dist/tex/latex/epigraph/epigraph.sty
Package: epigraph 2009/09/02 v1.5c typesetting epigraphs
\beforeepigraphskip=\skip67
\afterepigraphskip=\skip68
\epigraphwidth=\skip69
\epigraphrule=\skip70
)
(/usr/share/texlive/texmf-dist/tex/latex/tools/tabularx.sty
Package: tabularx 1999/01/07 v2.07 `tabularx' package (DPC)

(/usr/share/texlive/texmf-dist/tex/latex/tools/array.sty
Package: array 2008/09/09 v2.4c Tabular extension package (FMi)
\col@sep=\dimen146
\extrarowheight=\dimen147
\NC@list=\toks33
\extratabsurround=\skip71
\backup@length=\skip72
)
\TX@col@width=\dimen148
\TX@old@table=\dimen149
\TX@old@col=\dimen150
\TX@target=\dimen151
\TX@delta=\dimen152
\TX@cols=\count143
\TX@ftn=\toks34
)
(/usr/share/texlive/texmf-dist/tex/latex/biblatex/biblatex.sty
Package: biblatex 2013/11/25 v2.8a programmable bibliographies (PK/JW/AB)

(/usr/share/texlive/texmf-dist/tex/latex/biblatex/biblatex1.sty
Package: biblatex1 2013/11/25 v2.8a programmable bibliographies (bibtex) (PK/JW
/AB)

(/usr/share/texlive/texmf-dist/tex/latex/logreq/logreq.sty
Package: logreq 2010/08/04 v1.0 xml request logger
\lrq@indent=\count144

(/usr/share/texlive/texmf-dist/tex/latex/logreq/logreq.def
File: logreq.def 2010/08/04 v1.0 logreq spec v1.0
))
\c@tabx@nest=\count145
\c@listtotal=\count146
\c@listcount=\count147
\c@liststart=\count148
\c@liststop=\count149
\c@citecount=\count150
\c@citetotal=\count151
\c@multicitecount=\count152
\c@multicitetotal=\count153
\c@instcount=\count154
\c@maxnames=\count155
\c@minnames=\count156
\c@maxitems=\count157
\c@minitems=\count158
\c@citecounter=\count159
\c@savedcitecounter=\count160
\c@uniquelist=\count161
\c@uniquename=\count162
\c@refsection=\count163
\c@refsegment=\count164
\c@maxextrayear=\count165
\c@maxextraalpha=\count166
\c@abbrvpenalty=\count167
\c@highnamepenalty=\count168
\c@lownamepenalty=\count169
\c@maxparens=\count170
\c@parenlevel=\count171
\blx@tempcnta=\count172
\blx@tempcntb=\count173
\blx@tempcntc=\count174
\blx@maxsection=\count175
\blx@maxsegment=\count176
\blx@notetype=\count177
\blx@parenlevel@text=\count178
\blx@parenlevel@foot=\count179
\labelnumberwidth=\skip73
\labelalphawidth=\skip74
\shorthandwidth=\skip75
\biblabelsep=\skip76
\bibitemsep=\skip77
\bibnamesep=\skip78
\bibinitsep=\skip79
\bibparsep=\skip80
\bibhang=\skip81
\blx@auxin=\read1
\blx@auxout=\write3
\c@mincomprange=\count180
\c@maxcomprange=\count181
\c@mincompwidth=\count182
\c@labelname=\count183
\c@savedlabelname=\count184
\c@author=\count185
\c@savedauthor=\count186
\c@shortauthor=\count187
\c@savedshortauthor=\count188
\c@editor=\count189
\c@savededitor=\count190
\c@editora=\count191
\c@savededitora=\count192
\c@editorb=\count193
\c@savededitorb=\count194
\c@editorc=\count195
\c@savededitorc=\count196
\c@shorteditor=\count197
\c@savedshorteditor=\count198
\c@bookauthor=\count199
\c@savedbookauthor=\count200
\c@translator=\count201
\c@savedtranslator=\count202
\c@annotator=\count203
\c@savedannotator=\count204
\c@commentator=\count205
\c@savedcommentator=\count206
\c@introduction=\count207
\c@savedintroduction=\count208
\c@foreword=\count209
\c@savedforeword=\count210
\c@afterword=\count211
\c@savedafterword=\count212
\c@holder=\count213
\c@savedholder=\count214
\c@namea=\count215
\c@savednamea=\count216
\c@nameb=\count217
\c@savednameb=\count218
\c@namec=\count219
\c@savednamec=\count220
\c@institution=\count221
\c@savedinstitution=\count222
\c@language=\count223
\c@savedlanguage=\count224
\c@location=\count225
\c@savedlocation=\count226
\c@organization=\count227
\c@savedorganization=\count228
\c@origlocation=\count229
\c@savedoriglocation=\count230
\c@origpublisher=\count231
\c@savedorigpublisher=\count232
\c@pageref=\count233
Normal \count register pool exhausted, switching to extended pool.
\c@savedpageref=\count277
\c@publisher=\count278
\c@savedpublisher=\count279
\c@lista=\count280
\c@savedlista=\count281
\c@listb=\count282
\c@savedlistb=\count283
\c@listc=\count284
\c@savedlistc=\count285
\c@listd=\count286
\c@savedlistd=\count287
\c@liste=\count288
\c@savedliste=\count289
\c@listf=\count290
\c@savedlistf=\count291
Package biblatex Info: Trying to load compatibility code...
Package biblatex Info: ... file 'blx-compat.def' found.

(/usr/share/texlive/texmf-dist/tex/latex/biblatex/blx-compat.def
File: blx-compat.def 2013/11/25 v2.8a biblatex compatibility (PK/JW/AB)
)
Package biblatex Info: Trying to load generic definitions...
Package biblatex Info: ... file 'biblatex.def' found.

(/usr/share/texlive/texmf-dist/tex/latex/biblatex/biblatex.def
File: biblatex.def 
\c@textcitecount=\count292
\c@textcitetotal=\count293
\c@textcitemaxnames=\count294
\c@biburlnumpenalty=\count295
\c@biburlucpenalty=\count296
\c@biburllcpenalty=\count297
\c@smartand=\count298
)
Package biblatex Info: Trying to load bibliography style 'numeric-comp'...
Package biblatex Info: ... file 'numeric-comp.bbx' found.

(/usr/share/texlive/texmf-dist/tex/latex/biblatex/bbx/numeric-comp.bbx
File: numeric-comp.bbx 2013/11/25 v2.8a biblatex bibliography style (PK/JW/AB)
Package biblatex Info: Trying to load bibliography style 'numeric'...
Package biblatex Info: ... file 'numeric.bbx' found.

(/usr/share/texlive/texmf-dist/tex/latex/biblatex/bbx/numeric.bbx
File: numeric.bbx 2013/11/25 v2.8a biblatex bibliography style (PK/JW/AB)
Package biblatex Info: Trying to load bibliography style 'standard'...
Package biblatex Info: ... file 'standard.bbx' found.

(/usr/share/texlive/texmf-dist/tex/latex/biblatex/bbx/standard.bbx
File: standard.bbx 2013/11/25 v2.8a biblatex bibliography style (PK/JW/AB)
\c@bbx:relatedcount=\count299
\c@bbx:relatedtotal=\count300
)))
Package biblatex Info: Trying to load citation style 'numeric-comp'...
Package biblatex Info: ... file 'numeric-comp.cbx' found.

(/usr/share/texlive/texmf-dist/tex/latex/biblatex/cbx/numeric-comp.cbx
File: numeric-comp.cbx 2013/11/25 v2.8a biblatex citation style (PK/JW/AB)
\c@cbx@tempcnta=\count301
\c@cbx@tempcntb=\count302
Package biblatex Info: Redefining '\cite'.
Package biblatex Info: Redefining '\parencite'.
Package biblatex Info: Redefining '\footcite'.
Package biblatex Info: Redefining '\footcitetext'.
Package biblatex Info: Redefining '\smartcite'.
Package biblatex Info: Redefining '\supercite'.
Package biblatex Info: Redefining '\textcite'.
Package biblatex Info: Redefining '\textcites'.
Package biblatex Info: Redefining '\cites'.
Package biblatex Info: Redefining '\parencites'.
Package biblatex Info: Redefining '\smartcites'.
)
Package biblatex Info: Trying to load configuration file...
Package biblatex Info: ... file 'biblatex.cfg' found.

(/usr/share/texlive/texmf-dist/tex/latex/biblatex/biblatex.cfg
File: biblatex.cfg 
)))
Package color Info: Redefining color black on input line 61.
\c@thm=\count303
\c@defn=\count304
\c@ex=\count305
\c@codifica=\count306

(./tex_files/index.tex
Package csquotes Info: Checking for multilingual support...
Package csquotes Info: ... found 'babel' package.
Package biblatex Info: Trying to load language 'italian'...
Package biblatex Info: ... file 'italian.lbx' found.

(/usr/share/texlive/texmf-dist/tex/latex/biblatex/lbx/italian.lbx
File: italian.lbx 2013/11/25 v2.8a biblatex localization (PK/JW/AB)
)
(./thesis.aux

LaTeX Warning: Label `fig:figura1' multiply defined.


LaTeX Warning: Label `sec:chapter_4_section_2' multiply defined.

)
\openout1 = `thesis.aux'.

LaTeX Font Info:    Checking defaults for OML/cmm/m/it on input line 1.
LaTeX Font Info:    ... okay on input line 1.
LaTeX Font Info:    Checking defaults for T1/cmr/m/n on input line 1.
LaTeX Font Info:    ... okay on input line 1.
LaTeX Font Info:    Checking defaults for OT1/cmr/m/n on input line 1.
LaTeX Font Info:    ... okay on input line 1.
LaTeX Font Info:    Checking defaults for OMS/cmsy/m/n on input line 1.
LaTeX Font Info:    ... okay on input line 1.
LaTeX Font Info:    Checking defaults for OMX/cmex/m/n on input line 1.
LaTeX Font Info:    ... okay on input line 1.
LaTeX Font Info:    Checking defaults for U/cmr/m/n on input line 1.
LaTeX Font Info:    ... okay on input line 1.
LaTeX Font Info:    Checking defaults for PD1/pdf/m/n on input line 1.
LaTeX Font Info:    ... okay on input line 1.
LaTeX Info: Redefining \it@ocap on input line 1.
LaTeX Info: Redefining \it@ccap on input line 1.
 (/usr/share/texlive/texmf-dist/tex/latex/oberdiek/epstopdf-base.sty
Package: epstopdf-base 2010/02/09 v2.5 Base part for package epstopdf

(/usr/share/texlive/texmf-dist/tex/latex/oberdiek/grfext.sty
Package: grfext 2010/08/19 v1.1 Manage graphics extensions (HO)
)
Package epstopdf-base Info: Redefining graphics rule for `.eps' on input line 4
34.
Package grfext Info: Graphics extension search list:
(grfext)             [.png,.pdf,.jpg,.mps,.jpeg,.jbig2,.jb2,.PNG,.PDF,.JPG,.JPE
G,.JBIG2,.JB2,.eps]
(grfext)             \AppendGraphicsExtensions on input line 452.

(/usr/share/texlive/texmf-dist/tex/latex/latexconfig/epstopdf-sys.cfg
File: epstopdf-sys.cfg 2010/07/13 v1.3 Configuration of (r)epstopdf for TeX Liv
e
))
\AtBeginShipoutBox=\box37
Package hyperref Info: Link coloring OFF on input line 1.

(/usr/share/texlive/texmf-dist/tex/latex/hyperref/nameref.sty
Package: nameref 2012/10/27 v2.43 Cross-referencing by name of section

(/usr/share/texlive/texmf-dist/tex/generic/oberdiek/gettitlestring.sty
Package: gettitlestring 2010/12/03 v1.4 Cleanup title references (HO)
)
\c@section@level=\count307
)
LaTeX Info: Redefining \ref on input line 1.
LaTeX Info: Redefining \pageref on input line 1.
LaTeX Info: Redefining \nameref on input line 1.

(./thesis.out) (./thesis.out)
\@outlinefile=\write4
\openout4 = `thesis.out'.


(/usr/share/texlive/texmf-dist/tex/context/base/supp-pdf.mkii
[Loading MPS to PDF converter (version 2006.09.02).]
\scratchcounter=\count308
\scratchdimen=\dimen153
\scratchbox=\box38
\nofMPsegments=\count309
\nofMParguments=\count310
\everyMPshowfont=\toks35
\MPscratchCnt=\count311
\MPscratchDim=\dimen154
\MPnumerator=\count312
\makeMPintoPDFobject=\count313
\everyMPtoPDFconversion=\toks36
)
Package caption Info: Begin \AtBeginDocument code.
Package caption Info: listings package is loaded.
Package caption Info: longtable package is loaded.
 (/usr/share/texlive/texmf-dist/tex/latex/caption/ltcaption.sty
Package: ltcaption 2013/02/03 v1.3-62 longtable captions (AR)
)
Package caption Info: rotating package is loaded.
Package caption Info: End \AtBeginDocument code.
\c@lstlisting=\count314
Package biblatex Info: Input encoding 'utf8' detected.
Package biblatex Info: Automatic encoding selection.
(biblatex)             Assuming data encoding 'utf8'.


Package biblatex Warning: Data encoding is 'utf8'.
(biblatex)                Use backend=biber.

\openout3 = `thesis-blx.bib'.

Package biblatex Info: Trying to load bibliographic data...
Package biblatex Info: ... file 'thesis.bbl' found.
(./thesis.bbl

Package biblatex Warning: BibTeX reported the following issues
(biblatex)                with 'rfc6902':
(biblatex)                - Invalid format of field 'month'.


Package biblatex Warning: BibTeX reported the following issues
(biblatex)                with 'webgl':
(biblatex)                - Invalid format of field 'month'.

)
Package biblatex Info: Reference section=0 on input line 1.
Package biblatex Info: Reference segment=0 on input line 1.
 (./tex_files/frontispiece/index.tex
<images/logo/logo.png, id=139, 501.875pt x 256.96pt>
File: images/logo/logo.png Graphic file (type png)

<use images/logo/logo.png>
Package pdftex.def Info: images/logo/logo.png used on input line 6.
(pdftex.def)             Requested size: 142.26378pt x 72.83835pt.

(/usr/share/texlive/texmf-dist/tex/latex/amsfonts/umsa.fd)
(/usr/share/texlive/texmf-dist/tex/latex/amsfonts/umsb.fd)
(/usr/share/texlive/texmf-dist/tex/latex/base/ulasy.fd)) [1

{/var/lib/texmf/fonts/map/pdftex/updmap/pdftex.map} <./images/logo/logo.png>]
(./tex_files/dedication/index.tex [2]) [3] (./thesis.toc [1


])
\tf@toc=\write5
\openout5 = `thesis.toc'.

 [2] (./thesis.lof)
\tf@lof=\write6
\openout6 = `thesis.lof'.

 (./tex_files/acknowledgements/index.tex [3

])
(./tex_files/introduction/index.tex (./tex_files/introduction/title.tex
[4

]) (./tex_files/introduction/introduction.tex)
Underfull \hbox (badness 10000) in paragraph at lines 1--4

 []

(./tex_files/introduction/section_1.tex)
Underfull \hbox (badness 10000) in paragraph at lines 1--6

 []

(./tex_files/introduction/section_2.tex [5

])
(./tex_files/introduction/conclusions.tex)) [6]
(./tex_files/chapter_1/index.tex (./tex_files/chapter_1/title.tex
Capitolo 1.
) (./tex_files/chapter_1/introduction.tex) (./tex_files/chapter_1/section_1.tex
pdfTeX warning (ext4): destination with the same identifier (name{page.1}) has 
been already used, duplicate ignored
<to be read again> 
                   \relax 
l.41 
      [1


]pdfTeX warning (ext4): destination with the same identifier (name{page.2}) has
 been already used, duplicate ignored
<to be read again> 
                   \relax 
l.41 
      [2]pdfTeX warning (ext4): destination with the same identifier (name{page
.3}) has been already used, duplicate ignored
<to be read again> 
                   \relax 
l.90 \newpage
              [3]) (./tex_files/chapter_1/section_2.tex
Underfull \hbox (badness 10000) in paragraph at lines 9--30

 []

[4] <images/revit.png, id=282, 1445.4pt x 813.0375pt>
File: images/revit.png Graphic file (type png)
 <use images/revit.png>
Package pdftex.def Info: images/revit.png used on input line 33.
(pdftex.def)             Requested size: 360.0pt x 202.5021pt.

[5 <./images/revit.png>]) (./tex_files/chapter_1/section_3.tex [6])
(./tex_files/chapter_1/conclusions.tex)) (./tex_files/chapter_2/index.tex
(./tex_files/chapter_2/title.tex [7]
Capitolo 2.
) (./tex_files/chapter_2/introduction.tex) (./tex_files/chapter_2/section_1.tex
) (./tex_files/chapter_2/section_2.tex [8

]
LaTeX Font Info:    Try loading font information for T1+pcr on input line 12.

(/usr/share/texlive/texmf-dist/tex/latex/psnfss/t1pcr.fd
File: t1pcr.fd 2001/06/04 font definitions for T1/pcr.
) [9] [10]
Package hyperref Info: bookmark level for unknown lstlisting defaults to 0 on i
nput line 129.

Overfull \hbox (23.0pt too wide) in paragraph at lines 173--173
[][][][][][][] 
 []

[11]) (./tex_files/chapter_2/section_3.tex [12] [13] [14] [15]
LaTeX Font Info:    Try loading font information for OMS+cmr on input line 146.


(/usr/share/texlive/texmf-dist/tex/latex/base/omscmr.fd
File: omscmr.fd 1999/05/25 v2.5h Standard LaTeX font definitions
)
LaTeX Font Info:    Font shape `OMS/cmr/m/n' in size <10.95> not available
(Font)              Font shape `OMS/cmsy/m/n' tried instead on input line 146.
 [16])
(./tex_files/chapter_2/section_4.tex [17] [18]
Underfull \hbox (badness 10000) in paragraph at lines 20--25

 []

<images/2d.png, id=433, 872.25874pt x 385.44pt>
File: images/2d.png Graphic file (type png)
 <use images/2d.png>
Package pdftex.def Info: images/2d.png used on input line 34.
(pdftex.def)             Requested size: 360.0pt x 159.0783pt.
 [19 <./images/2d.png>]
Underfull \hbox (badness 10000) in paragraph at lines 42--54

 []

<images/3d.png, id=444, 876.27374pt x 394.47375pt>
File: images/3d.png Graphic file (type png)
 <use images/3d.png>
Package pdftex.def Info: images/3d.png used on input line 57.
(pdftex.def)             Requested size: 360.0pt x 162.06032pt.
 [20 <./images/3d.png>]) (./tex_files/chapter_2/section_5.tex
<images/3d-school.png, id=453, 1371.1225pt x 744.7825pt>
File: images/3d-school.png Graphic file (type png)

<use images/3d-school.png>
Package pdftex.def Info: images/3d-school.png used on input line 30.
(pdftex.def)             Requested size: 360.0pt x 195.54811pt.
 [21]) (./tex_files/chapter_2/conclusions.tex))
(./tex_files/chapter_3/index.tex (./tex_files/chapter_3/title.tex [22 <./images
/3d-school.png>]
Capitolo 3.
) (./tex_files/chapter_3/introduction.tex) (./tex_files/chapter_3/section_1.tex
[23

]) (./tex_files/chapter_3/section_2.tex) [24]
(./tex_files/chapter_3/section_3.tex) (./tex_files/chapter_3/section_4.tex
[25] <images/figcatalog.png, id=479, 1371.1225pt x 746.79pt>
File: images/figcatalog.png Graphic file (type png)

<use images/figcatalog.png>
Package pdftex.def Info: images/figcatalog.png used on input line 17.
(pdftex.def)             Requested size: 256.0748pt x 139.46442pt.

<images/positioning.png, id=480, 1371.1225pt x 770.88pt>
File: images/positioning.png Graphic file (type png)

<use images/positioning.png>
Package pdftex.def Info: images/positioning.png used on input line 19.
(pdftex.def)             Requested size: 256.0748pt x 143.96327pt.
 [26 <./images/figcatalog.png> <./images/positioning.png>]) (./tex_files/chapte
r_3/section_5.tex)
(./tex_files/chapter_3/section_6.tex [27])
(./tex_files/chapter_3/conclusions.tex)) (./tex_files/chapter_4/index.tex
(./tex_files/chapter_4/title.tex [28]
Capitolo 4.
) (./tex_files/chapter_4/introduction.tex) (./tex_files/chapter_4/section_1.tex

Underfull \hbox (badness 10000) in paragraph at lines 3--11

 []

[29

] [30]
Underfull \hbox (badness 10000) in paragraph at lines 22--25

 []

<images/hanger.png, id=506, 401.5pt x 260.975pt>
File: images/hanger.png Graphic file (type png)
 <use images/hanger.png>
Package pdftex.def Info: images/hanger.png used on input line 29.
(pdftex.def)             Requested size: 156.49014pt x 101.72011pt.

<images/wardrobe.png, id=507, 401.5pt x 260.975pt>
File: images/wardrobe.png Graphic file (type png)
 <use images/wardrobe.png>
Package pdftex.def Info: images/wardrobe.png used on input line 30.
(pdftex.def)             Requested size: 156.49014pt x 101.72011pt.

<images/attaccapanni2.png, id=508, 532.99126pt x 532.99126pt>
File: images/attaccapanni2.png Graphic file (type png)

<use images/attaccapanni2.png>
Package pdftex.def Info: images/attaccapanni2.png used on input line 34.
(pdftex.def)             Requested size: 156.49014pt x 156.49097pt.

<images/portaombrelli.png, id=509, 401.5pt x 260.975pt>
File: images/portaombrelli.png Graphic file (type png)

<use images/portaombrelli.png>
Package pdftex.def Info: images/portaombrelli.png used on input line 35.
(pdftex.def)             Requested size: 156.49014pt x 101.72011pt.
 [31 <./images/hanger.png (PNG copy)> <./images/wardrobe.png> <./images/attacca
panni2.png> <./images/portaombrelli.png (PNG copy)>] <images/banco2.png, id=515
, 401.5pt x 260.975pt>
File: images/banco2.png Graphic file (type png)
 <use images/banco2.png>
Package pdftex.def Info: images/banco2.png used on input line 54.
(pdftex.def)             Requested size: 156.49014pt x 101.72011pt.

<images/cattedra2.png, id=516, 472.76625pt x 472.76625pt>
File: images/cattedra2.png Graphic file (type png)

<use images/cattedra2.png>
Package pdftex.def Info: images/cattedra2.png used on input line 55.
(pdftex.def)             Requested size: 156.49014pt x 156.48946pt.
 <images/lavagna.png, id=517, 401.5pt x 260.975pt>
File: images/lavagna.png Graphic file (type png)

<use images/lavagna.png>
Package pdftex.def Info: images/lavagna.png used on input line 59.
(pdftex.def)             Requested size: 156.49014pt x 101.72011pt.
 <images/lim.png, id=518, 571.13374pt x 571.13374pt>
File: images/lim.png Graphic file (type png)

<use images/lim.png>
Package pdftex.def Info: images/lim.png used on input line 60.
(pdftex.def)             Requested size: 156.49014pt x 156.49144pt.
 [32 <./images/banco2.png> <./images/cattedra2.png> <./images/lavagna.png (PNG 
copy)> <./images/lim.png (PNG copy)>]
<images/cestino.png, id=524, 471.7625pt x 471.7625pt>
File: images/cestino.png Graphic file (type png)
 <use images/cestino.png>
Package pdftex.def Info: images/cestino.png used on input line 80.
(pdftex.def)             Requested size: 156.49014pt x 156.48833pt.

<images/recycling-bins.png, id=525, 401.5pt x 260.975pt>
File: images/recycling-bins.png Graphic file (type png)

<use images/recycling-bins.png>
Package pdftex.def Info: images/recycling-bins.png used on input line 81.
(pdftex.def)             Requested size: 156.49014pt x 101.72011pt.

<images/condizionatore.png, id=526, 571.13374pt x 629.35126pt>
File: images/condizionatore.png Graphic file (type png)

<use images/condizionatore.png>
Package pdftex.def Info: images/condizionatore.png used on input line 85.
(pdftex.def)             Requested size: 156.49014pt x 172.44312pt.

<images/termosifone.png, id=527, 581.17125pt x 581.17125pt>
File: images/termosifone.png Graphic file (type png)

<use images/termosifone.png>
Package pdftex.def Info: images/termosifone.png used on input line 86.
(pdftex.def)             Requested size: 156.49014pt x 156.49266pt.
 [33 <./images/cestino.png (PNG copy)> <./images/recycling-bins.png> <./images/
condizionatore.png (PNG copy)> <./images/termosifone.png (PNG copy)>] <images/b
ookcase.png, id=534, 401.5pt x 260.975pt>
File: images/bookcase.png Graphic file (type png)

<use images/bookcase.png>
Package pdftex.def Info: images/bookcase.png used on input line 105.
(pdftex.def)             Requested size: 156.49014pt x 101.72011pt.
File: images/bookcase.png Graphic file (type png)
 <use images/bookcase.png>
Package pdftex.def Info: images/bookcase.png used on input line 106.
(pdftex.def)             Requested size: 156.49014pt x 101.72011pt.

<images/tenda.png, id=535, 542.025pt x 542.025pt>
File: images/tenda.png Graphic file (type png)
 <use images/tenda.png>
Package pdftex.def Info: images/tenda.png used on input line 110.
(pdftex.def)             Requested size: 156.49014pt x 156.48848pt.

<images/veneziana.png, id=536, 538.01pt x 538.01pt>
File: images/veneziana.png Graphic file (type png)
 <use images/veneziana.png>
Package pdftex.def Info: images/veneziana.png used on input line 111.
(pdftex.def)             Requested size: 156.49014pt x 156.48683pt.

[34 <./images/bookcase.png (PNG copy)> <./images/tenda.png (PNG copy)> <./image
s/veneziana.png (PNG copy)>]) (./tex_files/chapter_4/section_2.tex
<images/augmented.png, id=543, 556.90411pt x 326.63206pt>
File: images/augmented.png Graphic file (type png)

<use images/augmented.png>
Package pdftex.def Info: images/augmented.png used on input line 9.
(pdftex.def)             Requested size: 360.0pt x 211.15204pt.
 [35 <./images/augmented.png (PNG copy)>])
(./tex_files/chapter_4/section_3.tex
<images/estintore.png, id=549, 459.7175pt x 460.72125pt>
File: images/estintore.png Graphic file (type png)

<use images/estintore.png>
Package pdftex.def Info: images/estintore.png used on input line 12.
(pdftex.def)             Requested size: 156.49014pt x 156.83296pt.

<images/rilevatore.png, id=550, 421.575pt x 421.575pt>
File: images/rilevatore.png Graphic file (type png)

<use images/rilevatore.png>
Package pdftex.def Info: images/rilevatore.png used on input line 13.
(pdftex.def)             Requested size: 156.49014pt x 156.48848pt.

<images/naspo.png, id=551, 355.3275pt x 354.32375pt>
File: images/naspo.png Graphic file (type png)
 <use images/naspo.png>
Package pdftex.def Info: images/naspo.png used on input line 17.
(pdftex.def)             Requested size: 156.49014pt x 156.0489pt.

<images/panicDoorDouble.png, id=552, 401.5pt x 260.975pt>
File: images/panicDoorDouble.png Graphic file (type png)

<use images/panicDoorDouble.png>
Package pdftex.def Info: images/panicDoorDouble.png used on input line 18.
(pdftex.def)             Requested size: 156.49014pt x 101.72011pt.
 [36 <./images/estintore.png (PNG copy)> <./images/rilevatore.png (PNG copy)> <
./images/naspo.png (PNG copy)> <./images/panicDoorDouble.png>] <images/metalDet
ector.png, id=559, 514.92375pt x 514.92375pt>
File: images/metalDetector.png Graphic file (type png)

<use images/metalDetector.png>
Package pdftex.def Info: images/metalDetector.png used on input line 34.
(pdftex.def)             Requested size: 156.49014pt x 156.48973pt.
 <images/rack.png, id=560, 574.145pt x 570.13pt>
File: images/rack.png Graphic file (type png)

<use images/rack.png>
Package pdftex.def Info: images/rack.png used on input line 35.
(pdftex.def)             Requested size: 156.49014pt x 155.38997pt.
 <images/routerWifi.png, id=561, 355.3275pt x 359.3425pt>
File: images/routerWifi.png Graphic file (type png)

<use images/routerWifi.png>
Package pdftex.def Info: images/routerWifi.png used on input line 39.
(pdftex.def)             Requested size: 156.49014pt x 158.25922pt.

<images/telecamera.png, id=562, 355.3275pt x 355.3275pt>
File: images/telecamera.png Graphic file (type png)

<use images/telecamera.png>
Package pdftex.def Info: images/telecamera.png used on input line 40.
(pdftex.def)             Requested size: 156.49014pt x 156.49097pt.
) (./tex_files/chapter_4/conclusions.tex)) [37 <./images/metalDetector.png (PNG
 copy)> <./images/rack.png (PNG copy)> <./images/routerWifi.png (PNG copy)> <./
images/telecamera.png (PNG copy)>]
(./tex_files/conclusions/index.tex (./tex_files/conclusions/title.tex
Capitolo 5.
) (./tex_files/conclusions/introduction.tex)
(./tex_files/conclusions/section_1.tex) (./tex_files/conclusions/section_2.tex
[38

] [39] [40] [41] [42]) (./tex_files/conclusions/conclusions.tex))
(./tex_files/bibliography/index.tex
Overfull \hbox (7.04254pt too wide) in paragraph at lines 12--12
[]\T1/cmr/m/n/10.95 Thom Hos. \T1/cmr/m/it/10.95 Reac-ti-vi-ty, sta-te and a un
i-di-rec-tio-nal da-ta flow\T1/cmr/m/n/10.95 . \T1/cmr/m/sc/10.95 url\T1/cmr/m/
n/10.95 : []$\T1/pcr/m/n/10.95 https :
 []


Overfull \hbox (2.51425pt too wide) in paragraph at lines 12--12
[]\T1/cmr/m/n/10.95 D. Jack-son. \T1/cmr/m/it/10.95 We-b-GL Spe-ci-fi-ca-tion\T
1/cmr/m/n/10.95 . Kh-ro-nos Re-com-men-da-tion. []$\T1/pcr/m/n/10.95 "https :
 []


Overfull \hbox (9.27405pt too wide) in paragraph at lines 12--12
[]\T1/cmr/m/n/10.95 Mike Ro-berts. \T1/cmr/m/it/10.95 Ser-ver-less Ar-chi-tec-t
u-res\T1/cmr/m/n/10.95 . \T1/cmr/m/sc/10.95 url\T1/cmr/m/n/10.95 : []$\T1/pcr/m
/n/10.95 http : / / martinfowler .
 []

[43


]
Overfull \hbox (13.5306pt too wide) in paragraph at lines 12--12
[]\T1/cmr/m/n/10.95 Jarrod Ro-to-lo. \T1/cmr/m/it/10.95 The Vir-tual DOM vs The
 DOM\T1/cmr/m/n/10.95 . \T1/cmr/m/sc/10.95 url\T1/cmr/m/n/10.95 : []$\T1/pcr/m/
n/10.95 http : / / revelry .
 []


Overfull \hbox (10.52966pt too wide) in paragraph at lines 12--12
\T1/pcr/m/n/10.95 / / fronteers . nl / congres / 2011 / sessions / web -[] comp
onents -[]
 []


Overfull \hbox (31.88075pt too wide) in paragraph at lines 12--12
[]\T1/cmr/m/n/10.95 Paolo Emi-lio Ser-ra. \T1/cmr/m/it/10.95 Co-min-cia-re a ed
i-ta-re le fa-mi-glie\T1/cmr/m/n/10.95 . []$\T1/pcr/m/n/10.95 http : / / puntor
evit .
 []


Overfull \hbox (4.45967pt too wide) in paragraph at lines 12--12
\T1/pcr/m/n/10.95 blogspot . it / 2007 / 11 / cominciare -[] editare -[] le -[]
 famiglie .
 []

(./tex_files/bibliography/bibliography.tex))
Package atveryend Info: Empty hook `BeforeClearDocument' on input line 49.
 [44]
Package atveryend Info: Empty hook `AfterLastShipout' on input line 49.
 (./thesis.aux)
Package atveryend Info: Executing hook `AtVeryEndDocument' on input line 49.
Package atveryend Info: Executing hook `AtEndAfterFileList' on input line 49.
Package rerunfilecheck Info: File `thesis.out' has not changed.
(rerunfilecheck)             Checksum: 06444248BABDA4F84B7B974298B740F6;2035.


LaTeX Warning: There were multiply-defined labels.

Package logreq Info: Writing requests to 'thesis.run.xml'.
\openout1 = `thesis.run.xml'.

 ) ) 
Here is how much of TeX's memory you used:
 16174 strings out of 493304
 248438 string characters out of 6139871
 496983 words of memory out of 5000000
 19034 multiletter control sequences out of 15000+600000
 28279 words of font info for 76 fonts, out of 8000000 for 9000
 960 hyphenation exceptions out of 8191
 40i,12n,49p,895b,1381s stack positions out of 5000i,500n,10000p,200000b,80000s
{/usr/share/texmf/fonts/enc/dvips/cm-super/cm-super-t1.enc}{/usr/share/texl
ive/texmf-dist/fonts/enc/dvips/base/8r.enc}</usr/share/texlive/texmf-dist/fonts
/type1/public/amsfonts/cm/cmsy10.pfb></usr/share/texlive/texmf-dist/fonts/type1
/public/amsfonts/cm/cmsy6.pfb></usr/share/texmf/fonts/type1/public/cm-super/sfb
i1440.pfb></usr/share/texmf/fonts/type1/public/cm-super/sfbx0900.pfb></usr/shar
e/texmf/fonts/type1/public/cm-super/sfbx1095.pfb></usr/share/texmf/fonts/type1/
public/cm-super/sfbx1200.pfb></usr/share/texmf/fonts/type1/public/cm-super/sfbx
1440.pfb></usr/share/texmf/fonts/type1/public/cm-super/sfbx2074.pfb></usr/share
/texmf/fonts/type1/public/cm-super/sfbx2488.pfb></usr/share/texmf/fonts/type1/p
ublic/cm-super/sfcc1095.pfb></usr/share/texmf/fonts/type1/public/cm-super/sfrm0
600.pfb></usr/share/texmf/fonts/type1/public/cm-super/sfrm0800.pfb></usr/share/
texmf/fonts/type1/public/cm-super/sfrm0900.pfb></usr/share/texmf/fonts/type1/pu
blic/cm-super/sfrm1095.pfb></usr/share/texmf/fonts/type1/public/cm-super/sfrm12
00.pfb></usr/share/texmf/fonts/type1/public/cm-super/sfrm1440.pfb></usr/share/t
exmf/fonts/type1/public/cm-super/sfsl1095.pfb></usr/share/texmf/fonts/type1/pub
lic/cm-super/sfti1095.pfb></usr/share/texmf/fonts/type1/public/cm-super/sfti120
0.pfb></usr/share/texlive/texmf-dist/fonts/type1/urw/courier/ucrr8a.pfb>
Output written on thesis.pdf (53 pages, 4466237 bytes).
PDF statistics:
 727 PDF objects out of 1000 (max. 8388607)
 606 compressed objects within 7 object streams
 174 named destinations out of 1000 (max. 500000)
 428 words of extra memory for PDF output out of 10000 (max. 10000000)

